2024-04-25 17:24:23,765 | INFO | ########################### IN RA CAC ARG TRUYEN VAO ###############################
2024-04-25 17:24:23,765 | INFO | ################ run function in main ####################
2024-04-25 17:24:23,885 | INFO | ============================================================Run Summary============================================================
Dataset:
 dataset:braintumor | num_classes:4 | partition:noniid-label-distribution | beta:0.3
Server Info:
 strategy:FedNH | num_clients:10 | num_rounds: 200 | participate_ratio:0.1 | drop_ratio:0.0
Clients Info:
 model:Conv2Cifar | num_epochs:5 | batch_size:64 | optimizer:SGD | inint lr:0.01 | lr scheduler:diminishing | momentum: 0.9 | weight decay: 1e-05
2024-04-25 17:24:23,886 | INFO |  Conv2Cifar: size:3.187 MB | num params: 0.797 M
2024-04-25 17:24:28,976 | INFO |  Training time:5.075 seconds
2024-04-25 17:24:50,549 | INFO | ########################### IN RA CAC ARG TRUYEN VAO ###############################
2024-04-25 17:24:50,549 | INFO | ################ run function in main ####################
2024-04-25 17:24:50,908 | INFO | ============================================================Run Summary============================================================
Dataset:
 dataset:braintumor | num_classes:4 | partition:noniid-label-distribution | beta:0.3
Server Info:
 strategy:FedNH | num_clients:50 | num_rounds: 4 | participate_ratio:0.1 | drop_ratio:0.0
Clients Info:
 model:Conv2Cifar | num_epochs:5 | batch_size:64 | optimizer:SGD | inint lr:0.01 | lr scheduler:diminishing | momentum: 0.9 | weight decay: 1e-05
2024-04-25 17:24:50,908 | INFO |  Conv2Cifar: size:3.187 MB | num params: 0.797 M
2024-04-25 17:25:04,160 | INFO |  Training time:13.239 seconds
2024-04-25 17:25:21,647 | INFO |  Testing time:17.457 seconds
2024-04-25 17:25:21,647 | INFO |  avg_test_acc:
2024-04-25 17:25:21,647 | INFO |  pfl_avg_test_acc:
2024-04-25 17:25:28,375 | INFO |  Training time:6.722 seconds
2024-04-25 17:25:45,216 | INFO |  Testing time:16.810 seconds
2024-04-25 17:25:45,216 | INFO |  avg_test_acc:
2024-04-25 17:25:45,216 | INFO |  pfl_avg_test_acc:
2024-04-25 17:25:53,209 | INFO |  Training time:7.985 seconds
2024-04-25 17:26:10,001 | INFO |  Testing time:16.766 seconds
2024-04-25 17:26:10,001 | INFO |  avg_test_acc:
2024-04-25 17:26:10,001 | INFO |  pfl_avg_test_acc:
2024-04-25 17:26:23,036 | INFO |  Training time:13.035 seconds
2024-04-25 17:27:00,818 | INFO |  Testing time:37.699 seconds
2024-04-25 17:27:00,818 | INFO |  avg_test_acc:
2024-04-25 17:27:00,820 | INFO |  pfl_avg_test_acc:
2024-04-25 23:04:00,555 | INFO | ########################### IN RA CAC ARG TRUYEN VAO ###############################
2024-04-25 23:04:00,555 | INFO | ################ run function in main ####################
2024-04-25 23:04:01,084 | INFO | ============================================================Run Summary============================================================
Dataset:
 dataset:braintumor | num_classes:4 | partition:noniid-label-distribution | beta:0.3
Server Info:
 strategy:FedNH | num_clients:50 | num_rounds: 200 | participate_ratio:0.1 | drop_ratio:0.0
Clients Info:
 model:Conv2Cifar | num_epochs:5 | batch_size:64 | optimizer:SGD | inint lr:0.01 | lr scheduler:diminishing | momentum: 0.9 | weight decay: 1e-05
2024-04-25 23:04:01,085 | INFO |  Conv2Cifar: size:3.187 MB | num params: 0.797 M
2024-04-25 23:04:31,491 | INFO | ########################### IN RA CAC ARG TRUYEN VAO ###############################
2024-04-25 23:04:31,491 | INFO | ################ run function in main ####################
2024-04-25 23:04:31,906 | INFO | ============================================================Run Summary============================================================
Dataset:
 dataset:braintumor | num_classes:4 | partition:noniid-label-distribution | beta:0.3
Server Info:
 strategy:FedNH | num_clients:50 | num_rounds: 200 | participate_ratio:0.1 | drop_ratio:0.0
Clients Info:
 model:Conv2Cifar | num_epochs:5 | batch_size:64 | optimizer:SGD | inint lr:0.01 | lr scheduler:diminishing | momentum: 0.9 | weight decay: 1e-05
2024-04-25 23:04:31,907 | INFO |  Conv2Cifar: size:3.187 MB | num params: 0.797 M
2024-04-25 23:05:40,831 | INFO | ########################### IN RA CAC ARG TRUYEN VAO ###############################
2024-04-25 23:05:40,831 | INFO | ################ run function in main ####################
2024-04-25 23:05:41,232 | INFO | ============================================================Run Summary============================================================
Dataset:
 dataset:braintumor | num_classes:4 | partition:noniid-label-distribution | beta:0.3
Server Info:
 strategy:FedNH | num_clients:50 | num_rounds: 200 | participate_ratio:0.1 | drop_ratio:0.0
Clients Info:
 model:Conv2Cifar | num_epochs:5 | batch_size:64 | optimizer:SGD | inint lr:0.01 | lr scheduler:diminishing | momentum: 0.9 | weight decay: 1e-05
2024-04-25 23:05:41,233 | INFO |  Conv2Cifar: size:3.187 MB | num params: 0.797 M
2024-04-25 23:06:07,067 | INFO | ########################### IN RA CAC ARG TRUYEN VAO ###############################
2024-04-25 23:06:07,067 | INFO | ################ run function in main ####################
2024-04-25 23:06:07,450 | INFO | ============================================================Run Summary============================================================
Dataset:
 dataset:braintumor | num_classes:4 | partition:noniid-label-distribution | beta:0.3
Server Info:
 strategy:FedNH | num_clients:50 | num_rounds: 200 | participate_ratio:0.1 | drop_ratio:0.0
Clients Info:
 model:Conv2Cifar | num_epochs:5 | batch_size:64 | optimizer:SGD | inint lr:0.01 | lr scheduler:diminishing | momentum: 0.9 | weight decay: 1e-05
2024-04-25 23:06:07,452 | INFO |  Conv2Cifar: size:3.187 MB | num params: 0.797 M
2024-04-25 23:06:19,979 | INFO |  Training time:12.509 seconds
2024-04-25 23:06:38,306 | INFO |  Testing time:18.293 seconds
2024-04-25 23:06:38,306 | INFO |  avg_test_acc:
2024-04-25 23:06:38,307 | INFO |  pfl_avg_test_acc:
2024-04-25 23:23:02,230 | INFO | ########################### IN RA CAC ARG TRUYEN VAO ###############################
2024-04-25 23:23:02,230 | INFO | ################ run function in main ####################
2024-04-25 23:23:33,955 | INFO | ########################### IN RA CAC ARG TRUYEN VAO ###############################
2024-04-25 23:23:33,955 | INFO | ################ run function in main ####################
2024-04-25 23:24:23,066 | INFO | ########################### IN RA CAC ARG TRUYEN VAO ###############################
2024-04-25 23:24:23,066 | INFO | ################ run function in main ####################
